<?xml version="1.0" encoding="UTF-8"?>
<Site BuildName="(empty)"
	BuildStamp="20260501-1003-Experimental"
	Name="naiwu-Redmi-G-Pro-2024"
	Generator="ctest-3.28.3"
	CompilerName="/usr/bin/clang++"
	CompilerVersion="18.1.3"
	OSName="Linux"
	Hostname="naiwu-Redmi-G-Pro-2024"
	OSRelease="6.17.0-22-generic"
	OSVersion="#22~24.04.1-Ubuntu SMP PREEMPT_DYNAMIC Thu Mar 26 15:25:54 UTC 2"
	OSPlatform="x86_64"
	Is64Bits="1"
	VendorString="GenuineIntel"
	VendorID="Intel Corporation"
	FamilyID="6"
	ModelID="183"
	ProcessorCacheSize="30720"
	NumberOfLogicalCPU="24"
	NumberOfPhysicalCPU="16"
	TotalVirtualMemory="4095"
	TotalPhysicalMemory="15759"
	LogicalProcessorsPerPhysical="1"
	ProcessorClockFrequency="4080.66"
	>
	<Testing>
		<StartDateTime>May 01 18:03 CST</StartDateTime>
		<StartTestTime>1777629788</StartTestTime>
		<TestList/>
		<EndDateTime>May 01 18:03 CST</EndDateTime>
		<EndTestTime>1777629788</EndTestTime>
		<ElapsedMinutes>0</ElapsedMinutes>
	</Testing>
</Site>
